#
# There is insufficient memory for the Java Runtime Environment to continue.
# Native memory allocation (malloc) failed to allocate 213856 bytes. Error detail: Chunk::new
# Possible reasons:
#   The system is out of physical RAM or swap space
#   This process is running with CompressedOops enabled, and the Java Heap may be blocking the growth of the native heap
# Possible solutions:
#   Reduce memory load on the system
#   Increase physical memory or swap space
#   Check if swap backing store is full
#   Decrease Java heap size (-Xmx/-Xms)
#   Decrease number of Java threads
#   Decrease Java thread stack sizes (-Xss)
#   Set larger code cache with -XX:ReservedCodeCacheSize=
#   JVM is running with Unscaled Compressed Oops mode in which the Java heap is
#     placed in the first 4GB address space. The Java Heap base address is the
#     maximum limit for the native heap growth. Please use -XX:HeapBaseMinAddress
#     to set the Java Heap base and to place the Java Heap above 4GB virtual address.
# This output file may be truncated or incomplete.
#
#  Out of Memory Error (arena.cpp:150), pid=18032, tid=468
#
# JRE version: Java(TM) SE Runtime Environment (22.0.2+9) (build 22.0.2+9-70)
# Java VM: Java HotSpot(TM) 64-Bit Server VM (22.0.2+9-70, mixed mode, sharing, tiered, compressed oops, compressed class ptrs, g1 gc, windows-amd64)
# No core dump will be written. Minidumps are not enabled by default on client versions of Windows
#

---------------  S U M M A R Y ------------

Command Line: -javaagent:C:\Program Files\JetBrains\IntelliJ IDEA Community Edition 2024.3.3\lib\idea_rt.jar=64170 -Dfile.encoding=UTF-8 -Dsun.stdout.encoding=UTF-8 -Dsun.stderr.encoding=UTF-8 dev.abhiram.cinema.CinemaApplication

Host: 11th Gen Intel(R) Core(TM) i5-1135G7 @ 2.40GHz, 8 cores, 7G,  Windows 11 , 64 bit Build 26100 (10.0.26100.3323)
Time: Sat Mar 22 18:11:52 2025 India Standard Time elapsed time: 2471.949364 seconds (0d 0h 41m 11s)

---------------  T H R E A D  ---------------

Current thread (0x0000020ad54c2c10):  JavaThread "C2 CompilerThread0" daemon [_thread_in_native, id=468, stack(0x000000888bc00000,0x000000888bd00000) (1024K)]


Current CompileTask:
C2:2471950 6835       4       java.lang.ref.Reference::enqueueFromPending (19 bytes)

Stack: [0x000000888bc00000,0x000000888bd00000]
Native frames: (J=compiled Java code, j=interpreted, Vv=VM code, C=native code)
V  [jvm.dll+0x6e26e9]  (no source info available)
V  [jvm.dll+0x875753]  (no source info available)
V  [jvm.dll+0x877b7e]  (no source info available)
V  [jvm.dll+0x878253]  (no source info available)
V  [jvm.dll+0x27fc86]  (no source info available)
V  [jvm.dll+0xc3d0f]  (no source info available)
V  [jvm.dll+0xc3f6b]  (no source info available)
V  [jvm.dll+0x2f3c7f]  (no source info available)
V  [jvm.dll+0x60c0fa]  (no source info available)
V  [jvm.dll+0x250c92]  (no source info available)
V  [jvm.dll+0x2492a6]  (no source info available)
V  [jvm.dll+0x246da6]  (no source info available)
V  [jvm.dll+0x1c4e80]  (no source info available)
V  [jvm.dll+0x2568f3]  (no source info available)
V  [jvm.dll+0x254baa]  (no source info available)
V  [jvm.dll+0x3f57a6]  (no source info available)
V  [jvm.dll+0x81dc0b]  (no source info available)
V  [jvm.dll+0x6e0d85]  (no source info available)
C  [ucrtbase.dll+0x37b0]  (no source info available)
C  [KERNEL32.DLL+0x2e8d7]  (no source info available)
C  [ntdll.dll+0xbbf6c]  (no source info available)


---------------  P R O C E S S  ---------------

Threads class SMR info:
_java_thread_list=0x0000020b1c6cfb60, length=39, elements={
0x0000020ad548c610, 0x0000020ad548cd70, 0x0000020ad5492950, 0x0000020ad5494560,
0x0000020ad54c0ea0, 0x0000020ad54c1bc0, 0x0000020ad54c2c10, 0x0000020ad55e0080,
0x0000020ad54550e0, 0x0000020ad597d060, 0x0000020b1d6490e0, 0x0000020b1d480a00,
0x0000020b1ccf5bd0, 0x0000020b1ccf4820, 0x0000020b1ccf6260, 0x0000020b1ccf4eb0,
0x0000020b1ccf68f0, 0x0000020b1ccf5540, 0x0000020b1ccf3b00, 0x0000020b1e001870,
0x0000020b1dfff7a0, 0x0000020b1e000b50, 0x0000020b1e001f00, 0x0000020b1e0004c0,
0x0000020b1e002590, 0x0000020b1e0011e0, 0x0000020b1e002c20, 0x0000020b1dfffe30,
0x0000020b1e003940, 0x0000020b1e003fd0, 0x0000020b1e004660, 0x0000020b1e005380,
0x0000020b1e004cf0, 0x0000020b1e0032b0, 0x0000020b1e005a10, 0x0000020b1e006dc0,
0x0000020b1e0060a0, 0x0000020b1e006730, 0x0000020b1fddc5e0
}

Java Threads: ( => current thread )
  0x0000020ad548c610 JavaThread "Reference Handler"          daemon [_thread_blocked, id=22796, stack(0x000000888b600000,0x000000888b700000) (1024K)]
  0x0000020ad548cd70 JavaThread "Finalizer"                  daemon [_thread_blocked, id=21448, stack(0x000000888b700000,0x000000888b800000) (1024K)]
  0x0000020ad5492950 JavaThread "Signal Dispatcher"          daemon [_thread_blocked, id=25668, stack(0x000000888b800000,0x000000888b900000) (1024K)]
  0x0000020ad5494560 JavaThread "Attach Listener"            daemon [_thread_blocked, id=4296, stack(0x000000888b900000,0x000000888ba00000) (1024K)]
  0x0000020ad54c0ea0 JavaThread "Service Thread"             daemon [_thread_blocked, id=24436, stack(0x000000888ba00000,0x000000888bb00000) (1024K)]
  0x0000020ad54c1bc0 JavaThread "Monitor Deflation Thread"   daemon [_thread_blocked, id=23960, stack(0x000000888bb00000,0x000000888bc00000) (1024K)]
=>0x0000020ad54c2c10 JavaThread "C2 CompilerThread0"         daemon [_thread_in_native, id=468, stack(0x000000888bc00000,0x000000888bd00000) (1024K)]
  0x0000020ad55e0080 JavaThread "C1 CompilerThread0"         daemon [_thread_blocked, id=5660, stack(0x000000888bd00000,0x000000888be00000) (1024K)]
  0x0000020ad54550e0 JavaThread "Common-Cleaner"             daemon [_thread_blocked, id=21356, stack(0x000000888be00000,0x000000888bf00000) (1024K)]
  0x0000020ad597d060 JavaThread "Notification Thread"        daemon [_thread_blocked, id=26892, stack(0x000000888c000000,0x000000888c100000) (1024K)]
  0x0000020b1d6490e0 JavaThread "Catalina-utility-1"                [_thread_blocked, id=28624, stack(0x000000888cd00000,0x000000888ce00000) (1024K)]
  0x0000020b1d480a00 JavaThread "Catalina-utility-2"                [_thread_blocked, id=10376, stack(0x000000888ce00000,0x000000888cf00000) (1024K)]
  0x0000020b1ccf5bd0 JavaThread "container-0"                       [_thread_blocked, id=9000, stack(0x000000888cf00000,0x000000888d000000) (1024K)]
  0x0000020b1ccf4820 JavaThread "Jndi-Dns-address-change-listener" daemon [_thread_in_native, id=13564, stack(0x000000888d000000,0x000000888d100000) (1024K)]
  0x0000020b1ccf6260 JavaThread "BufferPoolPruner-1-thread-1" daemon [_thread_blocked, id=6740, stack(0x000000888cc00000,0x000000888cd00000) (1024K)]
  0x0000020b1ccf4eb0 JavaThread "Live Reload Server"         daemon [_thread_in_native, id=10432, stack(0x000000888d300000,0x000000888d400000) (1024K)]
  0x0000020b1ccf68f0 JavaThread "cluster-ClusterId{value='67dea67220ff8300354821d6', description='null'}-cluster0-shard-00-00.ock3t.mongodb.net:27017" daemon [_thread_in_native, id=916, stack(0x000000888d200000,0x000000888d300000) (1024K)]
  0x0000020b1ccf5540 JavaThread "cluster-ClusterId{value='67dea67220ff8300354821d6', description='null'}-cluster0-shard-00-02.ock3t.mongodb.net:27017" daemon [_thread_in_native, id=28600, stack(0x000000888d400000,0x000000888d500000) (1024K)]
  0x0000020b1ccf3b00 JavaThread "cluster-ClusterId{value='67dea67220ff8300354821d6', description='null'}-cluster0-shard-00-01.ock3t.mongodb.net:27017" daemon [_thread_in_native, id=28084, stack(0x000000888d500000,0x000000888d600000) (1024K)]
  0x0000020b1e001870 JavaThread "File Watcher"               daemon [_thread_in_native, id=27592, stack(0x000000888d700000,0x000000888d800000) (1024K)]
  0x0000020b1dfff7a0 JavaThread "http-nio-8080-exec-1"       daemon [_thread_blocked, id=23168, stack(0x000000888d800000,0x000000888d900000) (1024K)]
  0x0000020b1e000b50 JavaThread "http-nio-8080-exec-2"       daemon [_thread_blocked, id=22668, stack(0x000000888d900000,0x000000888da00000) (1024K)]
  0x0000020b1e001f00 JavaThread "http-nio-8080-exec-3"       daemon [_thread_blocked, id=3628, stack(0x000000888da00000,0x000000888db00000) (1024K)]
  0x0000020b1e0004c0 JavaThread "http-nio-8080-exec-4"       daemon [_thread_blocked, id=18152, stack(0x000000888db00000,0x000000888dc00000) (1024K)]
  0x0000020b1e002590 JavaThread "http-nio-8080-exec-5"       daemon [_thread_blocked, id=19164, stack(0x000000888dc00000,0x000000888dd00000) (1024K)]
  0x0000020b1e0011e0 JavaThread "http-nio-8080-exec-6"       daemon [_thread_blocked, id=9896, stack(0x000000888dd00000,0x000000888de00000) (1024K)]
  0x0000020b1e002c20 JavaThread "http-nio-8080-exec-7"       daemon [_thread_blocked, id=16940, stack(0x000000888de00000,0x000000888df00000) (1024K)]
  0x0000020b1dfffe30 JavaThread "http-nio-8080-exec-8"       daemon [_thread_blocked, id=19408, stack(0x000000888df00000,0x000000888e000000) (1024K)]
  0x0000020b1e003940 JavaThread "http-nio-8080-exec-9"       daemon [_thread_blocked, id=14468, stack(0x000000888e000000,0x000000888e100000) (1024K)]
  0x0000020b1e003fd0 JavaThread "http-nio-8080-exec-10"      daemon [_thread_blocked, id=13484, stack(0x000000888e100000,0x000000888e200000) (1024K)]
  0x0000020b1e004660 JavaThread "http-nio-8080-Poller"       daemon [_thread_in_native, id=4608, stack(0x000000888e200000,0x000000888e300000) (1024K)]
  0x0000020b1e005380 JavaThread "http-nio-8080-Acceptor"     daemon [_thread_in_native, id=6484, stack(0x000000888e300000,0x000000888e400000) (1024K)]
  0x0000020b1e004cf0 JavaThread "DestroyJavaVM"                     [_thread_blocked, id=26648, stack(0x000000888ae00000,0x000000888af00000) (1024K)]
  0x0000020b1e0032b0 JavaThread "cluster-rtt-ClusterId{value='67dea67220ff8300354821d6', description='null'}-cluster0-shard-00-01.ock3t.mongodb.net:27017" daemon [_thread_blocked, id=20052, stack(0x000000888c300000,0x000000888c400000) (1024K)]
  0x0000020b1e005a10 JavaThread "cluster-rtt-ClusterId{value='67dea67220ff8300354821d6', description='null'}-cluster0-shard-00-02.ock3t.mongodb.net:27017" daemon [_thread_blocked, id=5056, stack(0x000000888d600000,0x000000888d700000) (1024K)]
  0x0000020b1e006dc0 JavaThread "cluster-rtt-ClusterId{value='67dea67220ff8300354821d6', description='null'}-cluster0-shard-00-00.ock3t.mongodb.net:27017" daemon [_thread_blocked, id=1200, stack(0x000000888e400000,0x000000888e500000) (1024K)]
  0x0000020b1e0060a0 JavaThread "MaintenanceTimer-2-thread-1" daemon [_thread_blocked, id=25324, stack(0x000000888e500000,0x000000888e600000) (1024K)]
  0x0000020b1e006730 JavaThread "MaintenanceTimer-3-thread-1" daemon [_thread_blocked, id=17164, stack(0x000000888e600000,0x000000888e700000) (1024K)]
  0x0000020b1fddc5e0 JavaThread "MaintenanceTimer-4-thread-1" daemon [_thread_blocked, id=6700, stack(0x000000888e700000,0x000000888e800000) (1024K)]
Total: 39

Other Threads:
  0x0000020ad546e560 VMThread "VM Thread"                           [id=3332, stack(0x000000888b500000,0x000000888b600000) (1024K)]
  0x0000020ad5454460 WatcherThread "VM Periodic Task Thread"        [id=18632, stack(0x000000888b400000,0x000000888b500000) (1024K)]
  0x0000020ab8d5f380 WorkerThread "GC Thread#0"                     [id=3416, stack(0x000000888af00000,0x000000888b000000) (1024K)]
  0x0000020b1baf4d80 WorkerThread "GC Thread#1"                     [id=26428, stack(0x000000888c400000,0x000000888c500000) (1024K)]
  0x0000020b1baf5130 WorkerThread "GC Thread#2"                     [id=17720, stack(0x000000888c500000,0x000000888c600000) (1024K)]
  0x0000020b1baf54e0 WorkerThread "GC Thread#3"                     [id=21332, stack(0x000000888c600000,0x000000888c700000) (1024K)]
  0x0000020b1baf5890 WorkerThread "GC Thread#4"                     [id=10308, stack(0x000000888c700000,0x000000888c800000) (1024K)]
  0x0000020b1b9dc360 WorkerThread "GC Thread#5"                     [id=1020, stack(0x000000888c800000,0x000000888c900000) (1024K)]
  0x0000020b1b9dd5d0 WorkerThread "GC Thread#6"                     [id=23100, stack(0x000000888c900000,0x000000888ca00000) (1024K)]
  0x0000020b1b9dce70 WorkerThread "GC Thread#7"                     [id=20176, stack(0x000000888ca00000,0x000000888cb00000) (1024K)]
  0x0000020ab6bede50 ConcurrentGCThread "G1 Main Marker"            [id=24756, stack(0x000000888b000000,0x000000888b100000) (1024K)]
  0x0000020ab8d6c8a0 WorkerThread "G1 Conc#0"                       [id=17004, stack(0x000000888b100000,0x000000888b200000) (1024K)]
  0x0000020b1c8c9ad0 WorkerThread "G1 Conc#1"                       [id=3284, stack(0x000000888cb00000,0x000000888cc00000) (1024K)]
  0x0000020ad5321990 ConcurrentGCThread "G1 Refine#0"               [id=25552, stack(0x000000888b200000,0x000000888b300000) (1024K)]
  0x0000020ad5324df0 ConcurrentGCThread "G1 Service"                [id=17776, stack(0x000000888b300000,0x000000888b400000) (1024K)]
Total: 15

Threads with active compile tasks:
C2 CompilerThread0  2475072 6835       4       java.lang.ref.Reference::enqueueFromPending (19 bytes)
Total: 1

VM state: not at safepoint (normal execution)

VM Mutex/Monitor currently owned by a thread: None

Heap address: 0x0000000084200000, size: 1982 MB, Compressed Oops mode: 32-bit

CDS archive(s) mapped at: [0x0000020ad6000000-0x0000020ad6c60000-0x0000020ad6c60000), size 12976128, SharedBaseAddress: 0x0000020ad6000000, ArchiveRelocationMode: 1.
Compressed class space mapped at: 0x0000020ad7000000-0x0000020b17000000, reserved size: 1073741824
Narrow klass base: 0x0000020ad6000000, Narrow klass shift: 0, Narrow klass range: 0x41000000

GC Precious Log:
 CardTable entry size: 512
 Card Set container configuration: InlinePtr #cards 5 size 8 Array Of Cards #cards 12 size 40 Howl #buckets 4 coarsen threshold 1843 Howl Bitmap #cards 512 size 80 coarsen threshold 460 Card regions per heap region 1 cards per card region 2048
 CPUs: 8 total, 8 available
 Memory: 7926M
 Large Page Support: Disabled
 NUMA Support: Disabled
 Compressed Oops: Enabled (32-bit)
 Heap Region Size: 1M
 Heap Min Capacity: 8M
 Heap Initial Capacity: 124M
 Heap Max Capacity: 1982M
 Pre-touch: Disabled
 Parallel Workers: 8
 Concurrent Workers: 2
 Concurrent Refinement Workers: 8
 Periodic GC: Disabled

Heap:
 garbage-first heap   total reserved 2029568K, committed 51200K, used 22432K [0x0000000084200000, 0x0000000100000000)
  region size 1024K, 2 young (2048K), 1 survivors (1024K)
 Metaspace       used 44171K, committed 45120K, reserved 1114112K
  class space    used 5703K, committed 6080K, reserved 1048576K

Heap Regions: E=young(eden), S=young(survivor), O=old, HS=humongous(starts), HC=humongous(continues), CS=collection set, F=free, TAMS=top-at-mark-start, PB=parsable bottom
|   0|0x0000000084200000, 0x0000000084300000, 0x0000000084300000|100%| O|  |TAMS 0x0000000084200000| PB 0x0000000084200000| Untracked |  0
|   1|0x0000000084300000, 0x0000000084400000, 0x0000000084400000|100%| O|  |TAMS 0x0000000084300000| PB 0x0000000084300000| Untracked |  0
|   2|0x0000000084400000, 0x0000000084500000, 0x0000000084500000|100%| O|  |TAMS 0x0000000084400000| PB 0x0000000084400000| Untracked |  0
|   3|0x0000000084500000, 0x0000000084600000, 0x0000000084600000|100%| O|  |TAMS 0x0000000084500000| PB 0x0000000084500000| Untracked |  0
|   4|0x0000000084600000, 0x0000000084700000, 0x0000000084700000|100%| O|  |TAMS 0x0000000084600000| PB 0x0000000084600000| Untracked |  0
|   5|0x0000000084700000, 0x0000000084800000, 0x0000000084800000|100%| O|  |TAMS 0x0000000084700000| PB 0x0000000084700000| Untracked |  0
|   6|0x0000000084800000, 0x0000000084900000, 0x0000000084900000|100%| O|  |TAMS 0x0000000084800000| PB 0x0000000084800000| Untracked |  0
|   7|0x0000000084900000, 0x0000000084a00000, 0x0000000084a00000|100%| O|  |TAMS 0x0000000084900000| PB 0x0000000084900000| Untracked |  0
|   8|0x0000000084a00000, 0x0000000084b00000, 0x0000000084b00000|100%| O|  |TAMS 0x0000000084a00000| PB 0x0000000084a00000| Untracked |  0
|   9|0x0000000084b00000, 0x0000000084c00000, 0x0000000084c00000|100%| O|  |TAMS 0x0000000084b00000| PB 0x0000000084b00000| Untracked |  0
|  10|0x0000000084c00000, 0x0000000084d00000, 0x0000000084d00000|100%| O|  |TAMS 0x0000000084c00000| PB 0x0000000084c00000| Untracked |  0
|  11|0x0000000084d00000, 0x0000000084e00000, 0x0000000084e00000|100%| O|  |TAMS 0x0000000084d00000| PB 0x0000000084d00000| Untracked |  0
|  12|0x0000000084e00000, 0x0000000084f00000, 0x0000000084f00000|100%| O|  |TAMS 0x0000000084e00000| PB 0x0000000084e00000| Untracked |  0
|  13|0x0000000084f00000, 0x0000000084f00000, 0x0000000085000000|  0%| F|  |TAMS 0x0000000084f00000| PB 0x0000000084f00000| Untracked |  0
|  14|0x0000000085000000, 0x0000000085100000, 0x0000000085100000|100%| O|  |TAMS 0x0000000085000000| PB 0x0000000085000000| Untracked |  0
|  15|0x0000000085100000, 0x0000000085200000, 0x0000000085200000|100%| O|Cm|TAMS 0x0000000085100000| PB 0x0000000085100000| Complete |  0
|  16|0x0000000085200000, 0x0000000085300000, 0x0000000085300000|100%| O|Cm|TAMS 0x0000000085200000| PB 0x0000000085200000| Complete |  0
|  17|0x0000000085300000, 0x0000000085400000, 0x0000000085400000|100%| O|Cm|TAMS 0x0000000085300000| PB 0x0000000085300000| Complete |  0
|  18|0x0000000085400000, 0x0000000085500000, 0x0000000085500000|100%| O|Cm|TAMS 0x0000000085400000| PB 0x0000000085400000| Complete |  0
|  19|0x0000000085500000, 0x0000000085500000, 0x0000000085600000|  0%| F|  |TAMS 0x0000000085500000| PB 0x0000000085500000| Untracked |  0
|  20|0x0000000085600000, 0x0000000085700000, 0x0000000085700000|100%| O|Cm|TAMS 0x0000000085600000| PB 0x0000000085600000| Complete |  0
|  21|0x0000000085700000, 0x00000000857b4120, 0x0000000085800000| 70%| O|  |TAMS 0x0000000085700000| PB 0x0000000085700000| Untracked |  0
|  22|0x0000000085800000, 0x0000000085900000, 0x0000000085900000|100%| O|Cm|TAMS 0x0000000085800000| PB 0x0000000085800000| Complete |  0
|  23|0x0000000085900000, 0x0000000085900000, 0x0000000085a00000|  0%| F|  |TAMS 0x0000000085900000| PB 0x0000000085900000| Untracked |  0
|  24|0x0000000085a00000, 0x0000000085a34068, 0x0000000085b00000| 20%| S|CS|TAMS 0x0000000085a00000| PB 0x0000000085a00000| Complete |  0
|  25|0x0000000085b00000, 0x0000000085b00000, 0x0000000085c00000|  0%| F|  |TAMS 0x0000000085b00000| PB 0x0000000085b00000| Untracked |  0
|  26|0x0000000085c00000, 0x0000000085c00000, 0x0000000085d00000|  0%| F|  |TAMS 0x0000000085c00000| PB 0x0000000085c00000| Untracked |  0
|  27|0x0000000085d00000, 0x0000000085d00000, 0x0000000085e00000|  0%| F|  |TAMS 0x0000000085d00000| PB 0x0000000085d00000| Untracked |  0
|  28|0x0000000085e00000, 0x0000000085e00000, 0x0000000085f00000|  0%| F|  |TAMS 0x0000000085e00000| PB 0x0000000085e00000| Untracked |  0
|  29|0x0000000085f00000, 0x0000000085f00000, 0x0000000086000000|  0%| F|  |TAMS 0x0000000085f00000| PB 0x0000000085f00000| Untracked |  0
|  30|0x0000000086000000, 0x0000000086000000, 0x0000000086100000|  0%| F|  |TAMS 0x0000000086000000| PB 0x0000000086000000| Untracked |  0
|  31|0x0000000086100000, 0x0000000086100000, 0x0000000086200000|  0%| F|  |TAMS 0x0000000086100000| PB 0x0000000086100000| Untracked |  0
|  32|0x0000000086200000, 0x0000000086200000, 0x0000000086300000|  0%| F|  |TAMS 0x0000000086200000| PB 0x0000000086200000| Untracked |  0
|  33|0x0000000086300000, 0x0000000086300000, 0x0000000086400000|  0%| F|  |TAMS 0x0000000086300000| PB 0x0000000086300000| Untracked |  0
|  34|0x0000000086400000, 0x0000000086400000, 0x0000000086500000|  0%| F|  |TAMS 0x0000000086400000| PB 0x0000000086400000| Untracked |  0
|  35|0x0000000086500000, 0x0000000086500000, 0x0000000086600000|  0%| F|  |TAMS 0x0000000086500000| PB 0x0000000086500000| Untracked |  0
|  36|0x0000000086600000, 0x0000000086600000, 0x0000000086700000|  0%| F|  |TAMS 0x0000000086600000| PB 0x0000000086600000| Untracked |  0
|  37|0x0000000086700000, 0x0000000086700000, 0x0000000086800000|  0%| F|  |TAMS 0x0000000086700000| PB 0x0000000086700000| Untracked |  0
|  38|0x0000000086800000, 0x0000000086800000, 0x0000000086900000|  0%| F|  |TAMS 0x0000000086800000| PB 0x0000000086800000| Untracked |  0
|  39|0x0000000086900000, 0x0000000086900000, 0x0000000086a00000|  0%| F|  |TAMS 0x0000000086900000| PB 0x0000000086900000| Untracked |  0
|  40|0x0000000086a00000, 0x0000000086a00000, 0x0000000086b00000|  0%| F|  |TAMS 0x0000000086a00000| PB 0x0000000086a00000| Untracked |  0
|  41|0x0000000086b00000, 0x0000000086b00000, 0x0000000086c00000|  0%| F|  |TAMS 0x0000000086b00000| PB 0x0000000086b00000| Untracked |  0
|  78|0x0000000089000000, 0x0000000089000000, 0x0000000089100000|  0%| F|  |TAMS 0x0000000089000000| PB 0x0000000089000000| Untracked |  0
|  79|0x0000000089100000, 0x0000000089100000, 0x0000000089200000|  0%| F|  |TAMS 0x0000000089100000| PB 0x0000000089100000| Untracked |  0
|  80|0x0000000089200000, 0x0000000089200000, 0x0000000089300000|  0%| F|  |TAMS 0x0000000089200000| PB 0x0000000089200000| Untracked |  0
|  81|0x0000000089300000, 0x0000000089300000, 0x0000000089400000|  0%| F|  |TAMS 0x0000000089300000| PB 0x0000000089300000| Untracked |  0
|  82|0x0000000089400000, 0x0000000089400000, 0x0000000089500000|  0%| F|  |TAMS 0x0000000089400000| PB 0x0000000089400000| Untracked |  0
|  83|0x0000000089500000, 0x0000000089500000, 0x0000000089600000|  0%| F|  |TAMS 0x0000000089500000| PB 0x0000000089500000| Untracked |  0
| 123|0x000000008bd00000, 0x000000008bd79c00, 0x000000008be00000| 47%| E|  |TAMS 0x000000008bd00000| PB 0x000000008bd00000| Complete |  0
|1981|0x00000000fff00000, 0x0000000100000000, 0x0000000100000000|100%| O|Cm|TAMS 0x00000000fff00000| PB 0x00000000fff00000| Complete |  0

Card table byte_map: [0x0000020ad0760000,0x0000020ad0b40000] _byte_map_base: 0x0000020ad033f000

Marking Bits: (CMBitMap*) 0x0000020ab8d5fa90
 Bits: [0x0000020ad0b40000, 0x0000020ad2a38000)

Polling page: 0x0000020ab84c0000

Metaspace:

Usage:
  Non-class:     37.57 MB used.
      Class:      5.57 MB used.
       Both:     43.14 MB used.

Virtual space:
  Non-class space:       64.00 MB reserved,      38.12 MB ( 60%) committed,  1 nodes.
      Class space:        1.00 GB reserved,       5.94 MB ( <1%) committed,  1 nodes.
             Both:        1.06 GB reserved,      44.06 MB (  4%) committed. 

Chunk freelists:
   Non-Class:  10.04 MB
       Class:  10.16 MB
        Both:  20.20 MB

MaxMetaspaceSize: unlimited
CompressedClassSpaceSize: 1.00 GB
Initial GC threshold: 21.00 MB
Current GC threshold: 73.44 MB
CDS: on
 - commit_granule_bytes: 65536.
 - commit_granule_words: 8192.
 - virtual_space_node_default_size: 8388608.
 - enlarge_chunks_in_place: 1.
 - use_allocation_guard: 0.


Internal statistics:

num_allocs_failed_limit: 6.
num_arena_births: 850.
num_arena_deaths: 298.
num_vsnodes_births: 2.
num_vsnodes_deaths: 0.
num_space_committed: 705.
num_space_uncommitted: 0.
num_chunks_returned_to_freelist: 352.
num_chunks_taken_from_freelist: 2313.
num_chunk_merges: 85.
num_chunk_splits: 1548.
num_chunks_enlarged: 1088.
num_inconsistent_stats: 0.

CodeHeap 'non-profiled nmethods': size=120000Kb used=3265Kb max_used=3583Kb free=116734Kb
 bounds [0x0000020ac8b20000, 0x0000020ac8ea0000, 0x0000020ad0050000]
CodeHeap 'profiled nmethods': size=120000Kb used=11283Kb max_used=11824Kb free=108716Kb
 bounds [0x0000020ac1050000, 0x0000020ac1be0000, 0x0000020ac8580000]
CodeHeap 'non-nmethods': size=5760Kb used=1774Kb max_used=1815Kb free=3985Kb
 bounds [0x0000020ac8580000, 0x0000020ac87f0000, 0x0000020ac8b20000]
 total_blobs=6440 nmethods=5803 adapters=541
 compilation: enabled
              stopped_count=0, restarted_count=0
 full_count=0

Compilation events (20 events):
Event: 2310.619 Thread 0x0000020ad54c2c10 nmethod 6825 0x0000020ac8e9aa10 code [0x0000020ac8e9abc0, 0x0000020ac8e9af80]
Event: 2320.541 Thread 0x0000020ad54c2c10 6826       4       org.bson.ByteBufNIO::release (44 bytes)
Event: 2320.545 Thread 0x0000020ad54c2c10 nmethod 6826 0x0000020ac8e9b190 code [0x0000020ac8e9b320, 0x0000020ac8e9b478]
Event: 2320.614 Thread 0x0000020ad54c2c10 6827       4       org.bson.internal.ChildCodecRegistry::get (45 bytes)
Event: 2320.645 Thread 0x0000020ad54c2c10 nmethod 6827 0x0000020ac8e9b590 code [0x0000020ac8e9b800, 0x0000020ac8e9c428]
Event: 2321.283 Thread 0x0000020ad54c2c10 6828       4       sun.security.ssl.SSLSocketImpl$AppInputStream::checkEOF (165 bytes)
Event: 2321.284 Thread 0x0000020ad54c2c10 nmethod 6828 0x0000020ac8e9cc90 code [0x0000020ac8e9ce20, 0x0000020ac8e9cf80]
Event: 2361.555 Thread 0x0000020ad54c2c10 6829       4       sun.security.ssl.SSLSocketImpl::setSoTimeout (6 bytes)
Event: 2361.560 Thread 0x0000020ad54c2c10 nmethod 6829 0x0000020ac8e9d110 code [0x0000020ac8e9d340, 0x0000020ac8e9da68]
Event: 2372.041 Thread 0x0000020ad54c2c10 6830       4       java.util.HashMap::prepareArray (38 bytes)
Event: 2372.048 Thread 0x0000020ad54c2c10 nmethod 6830 0x0000020ac8e9df10 code [0x0000020ac8e9e0a0, 0x0000020ac8e9e340]
Event: 2411.856 Thread 0x0000020ad54c2c10 6831       4       jdk.internal.misc.Unsafe::checkOffset (32 bytes)
Event: 2411.857 Thread 0x0000020ad54c2c10 nmethod 6831 0x0000020ac8e9e490 code [0x0000020ac8e9e600, 0x0000020ac8e9e6b8]
Event: 2442.088 Thread 0x0000020ad54c2c10 6832       4       java.util.concurrent.locks.LockSupport::unpark (26 bytes)
Event: 2442.091 Thread 0x0000020ad54c2c10 nmethod 6832 0x0000020ac8e9e790 code [0x0000020ac8e9e920, 0x0000020ac8e9ea00]
Event: 2451.621 Thread 0x0000020ad54c2c10 6833       4       java.util.concurrent.ConcurrentHashMap$KeySetView::iterator (34 bytes)
Event: 2451.638 Thread 0x0000020ad54c2c10 nmethod 6833 0x0000020ac8e9ea90 code [0x0000020ac8e9ec40, 0x0000020ac8e9f0f8]
Event: 2451.638 Thread 0x0000020ad54c2c10 6834       4       java.util.concurrent.ConcurrentHashMap$KeyIterator::<init> (12 bytes)
Event: 2451.641 Thread 0x0000020ad54c2c10 nmethod 6834 0x0000020ac8e9f390 code [0x0000020ac8e9f540, 0x0000020ac8e9fac8]
Event: 2468.914 Thread 0x0000020ad54c2c10 6835       4       java.lang.ref.Reference::enqueueFromPending (19 bytes)

GC Heap History (20 events):
Event: 9.544 GC heap before
{Heap before GC invocations=5 (full 0):
 garbage-first heap   total reserved 2029568K, committed 40960K, used 32180K [0x0000000084200000, 0x0000000100000000)
  region size 1024K, 22 young (22528K), 3 survivors (3072K)
 Metaspace       used 26994K, committed 27456K, reserved 1114112K
  class space    used 3459K, committed 3648K, reserved 1048576K
}
Event: 9.548 GC heap after
{Heap after GC invocations=6 (full 0):
 garbage-first heap   total reserved 2029568K, committed 40960K, used 15013K [0x0000000084200000, 0x0000000100000000)
  region size 1024K, 2 young (2048K), 2 survivors (2048K)
 Metaspace       used 26994K, committed 27456K, reserved 1114112K
  class space    used 3459K, committed 3648K, reserved 1048576K
}
Event: 10.540 GC heap before
{Heap before GC invocations=6 (full 0):
 garbage-first heap   total reserved 2029568K, committed 40960K, used 34469K [0x0000000084200000, 0x0000000100000000)
  region size 1024K, 21 young (21504K), 2 survivors (2048K)
 Metaspace       used 31986K, committed 32512K, reserved 1114112K
  class space    used 4167K, committed 4416K, reserved 1048576K
}
Event: 10.543 GC heap after
{Heap after GC invocations=7 (full 0):
 garbage-first heap   total reserved 2029568K, committed 40960K, used 16716K [0x0000000084200000, 0x0000000100000000)
  region size 1024K, 3 young (3072K), 3 survivors (3072K)
 Metaspace       used 31986K, committed 32512K, reserved 1114112K
  class space    used 4167K, committed 4416K, reserved 1048576K
}
Event: 10.889 GC heap before
{Heap before GC invocations=7 (full 0):
 garbage-first heap   total reserved 2029568K, committed 40960K, used 30028K [0x0000000084200000, 0x0000000100000000)
  region size 1024K, 17 young (17408K), 3 survivors (3072K)
 Metaspace       used 35433K, committed 35968K, reserved 1114112K
  class space    used 4648K, committed 4864K, reserved 1048576K
}
Event: 10.894 GC heap after
{Heap after GC invocations=8 (full 0):
 garbage-first heap   total reserved 2029568K, committed 40960K, used 18439K [0x0000000084200000, 0x0000000100000000)
  region size 1024K, 2 young (2048K), 2 survivors (2048K)
 Metaspace       used 35433K, committed 35968K, reserved 1114112K
  class space    used 4648K, committed 4864K, reserved 1048576K
}
Event: 11.263 GC heap before
{Heap before GC invocations=9 (full 0):
 garbage-first heap   total reserved 2029568K, committed 40960K, used 33799K [0x0000000084200000, 0x0000000100000000)
  region size 1024K, 18 young (18432K), 2 survivors (2048K)
 Metaspace       used 37460K, committed 38080K, reserved 1114112K
  class space    used 4932K, committed 5248K, reserved 1048576K
}
Event: 11.267 GC heap after
{Heap after GC invocations=10 (full 0):
 garbage-first heap   total reserved 2029568K, committed 40960K, used 19988K [0x0000000084200000, 0x0000000100000000)
  region size 1024K, 3 young (3072K), 3 survivors (3072K)
 Metaspace       used 37460K, committed 38080K, reserved 1114112K
  class space    used 4932K, committed 5248K, reserved 1048576K
}
Event: 11.777 GC heap before
{Heap before GC invocations=10 (full 0):
 garbage-first heap   total reserved 2029568K, committed 40960K, used 34324K [0x0000000084200000, 0x0000000100000000)
  region size 1024K, 18 young (18432K), 3 survivors (3072K)
 Metaspace       used 39550K, committed 40192K, reserved 1114112K
  class space    used 5216K, committed 5504K, reserved 1048576K
}
Event: 11.781 GC heap after
{Heap after GC invocations=11 (full 0):
 garbage-first heap   total reserved 2029568K, committed 41984K, used 21289K [0x0000000084200000, 0x0000000100000000)
  region size 1024K, 2 young (2048K), 2 survivors (2048K)
 Metaspace       used 39550K, committed 40192K, reserved 1114112K
  class space    used 5216K, committed 5504K, reserved 1048576K
}
Event: 60.483 GC heap before
{Heap before GC invocations=11 (full 0):
 garbage-first heap   total reserved 2029568K, committed 41984K, used 34601K [0x0000000084200000, 0x0000000100000000)
  region size 1024K, 16 young (16384K), 2 survivors (2048K)
 Metaspace       used 43636K, committed 44352K, reserved 1114112K
  class space    used 5752K, committed 6080K, reserved 1048576K
}
Event: 60.495 GC heap after
{Heap after GC invocations=12 (full 0):
 garbage-first heap   total reserved 2029568K, committed 41984K, used 22558K [0x0000000084200000, 0x0000000100000000)
  region size 1024K, 2 young (2048K), 2 survivors (2048K)
 Metaspace       used 43636K, committed 44352K, reserved 1114112K
  class space    used 5752K, committed 6080K, reserved 1048576K
}
Event: 454.597 GC heap before
{Heap before GC invocations=13 (full 0):
 garbage-first heap   total reserved 2029568K, committed 41984K, used 35870K [0x0000000084200000, 0x0000000100000000)
  region size 1024K, 15 young (15360K), 2 survivors (2048K)
 Metaspace       used 44020K, committed 44736K, reserved 1114112K
  class space    used 5756K, committed 6080K, reserved 1048576K
}
Event: 454.669 GC heap after
{Heap after GC invocations=14 (full 0):
 garbage-first heap   total reserved 2029568K, committed 51200K, used 22755K [0x0000000084200000, 0x0000000100000000)
  region size 1024K, 1 young (1024K), 1 survivors (1024K)
 Metaspace       used 44020K, committed 44736K, reserved 1114112K
  class space    used 5756K, committed 6080K, reserved 1048576K
}
Event: 1114.229 GC heap before
{Heap before GC invocations=14 (full 0):
 garbage-first heap   total reserved 2029568K, committed 51200K, used 44259K [0x0000000084200000, 0x0000000100000000)
  region size 1024K, 22 young (22528K), 1 survivors (1024K)
 Metaspace       used 44205K, committed 44928K, reserved 1114112K
  class space    used 5756K, committed 6080K, reserved 1048576K
}
Event: 1114.293 GC heap after
{Heap after GC invocations=15 (full 0):
 garbage-first heap   total reserved 2029568K, committed 51200K, used 22309K [0x0000000084200000, 0x0000000100000000)
  region size 1024K, 1 young (1024K), 1 survivors (1024K)
 Metaspace       used 44205K, committed 44928K, reserved 1114112K
  class space    used 5756K, committed 6080K, reserved 1048576K
}
Event: 1805.249 GC heap before
{Heap before GC invocations=15 (full 0):
 garbage-first heap   total reserved 2029568K, committed 51200K, used 44837K [0x0000000084200000, 0x0000000100000000)
  region size 1024K, 23 young (23552K), 1 survivors (1024K)
 Metaspace       used 44279K, committed 44928K, reserved 1114112K
  class space    used 5756K, committed 6080K, reserved 1048576K
}
Event: 1805.300 GC heap after
{Heap after GC invocations=16 (full 0):
 garbage-first heap   total reserved 2029568K, committed 51200K, used 22277K [0x0000000084200000, 0x0000000100000000)
  region size 1024K, 1 young (1024K), 1 survivors (1024K)
 Metaspace       used 44279K, committed 44928K, reserved 1114112K
  class space    used 5756K, committed 6080K, reserved 1048576K
}
Event: 2468.463 GC heap before
{Heap before GC invocations=16 (full 0):
 garbage-first heap   total reserved 2029568K, committed 51200K, used 45829K [0x0000000084200000, 0x0000000100000000)
  region size 1024K, 24 young (24576K), 1 survivors (1024K)
 Metaspace       used 44434K, committed 45120K, reserved 1114112K
  class space    used 5778K, committed 6080K, reserved 1048576K
}
Event: 2468.530 GC heap after
{Heap after GC invocations=17 (full 0):
 garbage-first heap   total reserved 2029568K, committed 51200K, used 22432K [0x0000000084200000, 0x0000000100000000)
  region size 1024K, 1 young (1024K), 1 survivors (1024K)
 Metaspace       used 44434K, committed 45120K, reserved 1114112K
  class space    used 5778K, committed 6080K, reserved 1048576K
}

Dll operation events (13 events):
Event: 0.026 Loaded shared library C:\Program Files\Java\jdk-22\bin\java.dll
Event: 0.084 Loaded shared library C:\Program Files\Java\jdk-22\bin\jsvml.dll
Event: 0.211 Loaded shared library C:\Program Files\Java\jdk-22\bin\zip.dll
Event: 0.220 Loaded shared library C:\Program Files\Java\jdk-22\bin\instrument.dll
Event: 0.229 Loaded shared library C:\Program Files\Java\jdk-22\bin\net.dll
Event: 0.233 Loaded shared library C:\Program Files\Java\jdk-22\bin\nio.dll
Event: 0.238 Loaded shared library C:\Program Files\Java\jdk-22\bin\zip.dll
Event: 1.773 Loaded shared library C:\Program Files\Java\jdk-22\bin\extnet.dll
Event: 1.827 Loaded shared library C:\Program Files\Java\jdk-22\bin\jimage.dll
Event: 2.330 Loaded shared library C:\Program Files\Java\jdk-22\bin\management.dll
Event: 2.334 Loaded shared library C:\Program Files\Java\jdk-22\bin\management_ext.dll
Event: 3.040 Loaded shared library C:\Program Files\Java\jdk-22\bin\le.dll
Event: 7.362 Loaded shared library C:\Program Files\Java\jdk-22\bin\sunmscapi.dll

Deoptimization events (20 events):
Event: 2167.801 Thread 0x0000020b1ccf3b00 Uncommon trap: trap_request=0xffffff45 fr.pc=0x0000020ac8e46a68 relative=0x00000000000002c8
Event: 2167.801 Thread 0x0000020b1ccf3b00 Uncommon trap: reason=unstable_if action=reinterpret pc=0x0000020ac8e46a68 method=java.security.MessageDigest.isEqual([B[B)Z @ 12 c2
Event: 2167.801 Thread 0x0000020b1ccf3b00 DEOPT PACKING pc=0x0000020ac8e46a68 sp=0x000000888d5fdb20
Event: 2167.801 Thread 0x0000020b1ccf3b00 DEOPT UNPACKING pc=0x0000020ac85d7da2 sp=0x000000888d5fdaa8 mode 2
Event: 2169.291 Thread 0x0000020b1ccf68f0 Uncommon trap: trap_request=0xffffffc6 fr.pc=0x0000020ac8d4d53c relative=0x000000000000077c
Event: 2169.291 Thread 0x0000020b1ccf68f0 Uncommon trap: reason=bimorphic_or_optimized_type_check action=maybe_recompile pc=0x0000020ac8d4d53c method=java.util.AbstractCollection.containsAll(Ljava/util/Collection;)Z @ 1 c2
Event: 2169.291 Thread 0x0000020b1ccf68f0 DEOPT PACKING pc=0x0000020ac8d4d53c sp=0x000000888d2fe030
Event: 2169.291 Thread 0x0000020b1ccf68f0 DEOPT UNPACKING pc=0x0000020ac85d7da2 sp=0x000000888d2fdff0 mode 2
Event: 2169.991 Thread 0x0000020b1ccf5540 Uncommon trap: trap_request=0xffffffc6 fr.pc=0x0000020ac8d4d53c relative=0x000000000000077c
Event: 2169.991 Thread 0x0000020b1ccf5540 Uncommon trap: reason=bimorphic_or_optimized_type_check action=maybe_recompile pc=0x0000020ac8d4d53c method=java.util.AbstractCollection.containsAll(Ljava/util/Collection;)Z @ 1 c2
Event: 2169.991 Thread 0x0000020b1ccf5540 DEOPT PACKING pc=0x0000020ac8d4d53c sp=0x000000888d4fe5a0
Event: 2169.991 Thread 0x0000020b1ccf5540 DEOPT UNPACKING pc=0x0000020ac85d7da2 sp=0x000000888d4fe560 mode 2
Event: 2169.997 Thread 0x0000020b1ccf68f0 DEOPT PACKING pc=0x0000020ac19cab08 sp=0x000000888d2fd600
Event: 2169.997 Thread 0x0000020b1ccf68f0 DEOPT UNPACKING pc=0x0000020ac85d88e2 sp=0x000000888d2fca80 mode 0
Event: 2169.998 Thread 0x0000020b1ccf68f0 DEOPT PACKING pc=0x0000020ac19cab08 sp=0x000000888d2fd900
Event: 2169.998 Thread 0x0000020b1ccf68f0 DEOPT UNPACKING pc=0x0000020ac85d88e2 sp=0x000000888d2fcd80 mode 0
Event: 2176.708 Thread 0x0000020b1e0032b0 Uncommon trap: trap_request=0xffffffc6 fr.pc=0x0000020ac8d4d53c relative=0x000000000000077c
Event: 2176.708 Thread 0x0000020b1e0032b0 Uncommon trap: reason=bimorphic_or_optimized_type_check action=maybe_recompile pc=0x0000020ac8d4d53c method=java.util.AbstractCollection.containsAll(Ljava/util/Collection;)Z @ 1 c2
Event: 2176.708 Thread 0x0000020b1e0032b0 DEOPT PACKING pc=0x0000020ac8d4d53c sp=0x000000888c3fe730
Event: 2176.709 Thread 0x0000020b1e0032b0 DEOPT UNPACKING pc=0x0000020ac85d7da2 sp=0x000000888c3fe6f0 mode 2

Classes loaded (20 events):
Event: 23.835 Loading class java/util/concurrent/ConcurrentLinkedDeque$CLDSpliterator
Event: 23.836 Loading class java/util/concurrent/ConcurrentLinkedDeque$CLDSpliterator done
Event: 1846.775 Loading class sun/net/ConnectionResetException
Event: 1846.787 Loading class sun/net/ConnectionResetException done
Event: 2165.526 Loading class sun/security/ssl/Alert
Event: 2165.579 Loading class sun/security/ssl/Alert done
Event: 2165.598 Loading class sun/security/ssl/Alert$AlertConsumer
Event: 2165.614 Loading class sun/security/ssl/Alert$AlertConsumer done
Event: 2165.618 Loading class sun/security/ssl/Alert$Level
Event: 2165.917 Loading class sun/security/ssl/Alert$Level done
Event: 2166.387 Loading class java/nio/channels/ClosedByInterruptException
Event: 2166.399 Loading class java/nio/channels/AsynchronousCloseException
Event: 2166.413 Loading class java/nio/channels/ClosedChannelException
Event: 2166.421 Loading class java/nio/channels/ClosedChannelException done
Event: 2166.421 Loading class java/nio/channels/AsynchronousCloseException done
Event: 2166.421 Loading class java/nio/channels/ClosedByInterruptException done
Event: 2166.458 Loading class javax/net/ssl/SSLHandshakeException
Event: 2166.460 Loading class javax/net/ssl/SSLHandshakeException done
Event: 2166.639 Loading class jdk/internal/loader/BootLoader$PackageHelper
Event: 2166.642 Loading class jdk/internal/loader/BootLoader$PackageHelper done

Classes unloaded (20 events):
Event: 2468.713 Thread 0x0000020ad546e560 Unloading class 0x0000020ad703d800 'java/lang/invoke/LambdaForm$MH+0x0000020ad703d800'
Event: 2468.713 Thread 0x0000020ad546e560 Unloading class 0x0000020ad703d400 'java/lang/invoke/LambdaForm$MH+0x0000020ad703d400'
Event: 2468.713 Thread 0x0000020ad546e560 Unloading class 0x0000020ad701b800 'java/lang/invoke/LambdaForm$MH+0x0000020ad701b800'
Event: 2468.713 Thread 0x0000020ad546e560 Unloading class 0x0000020ad701b000 'java/lang/invoke/LambdaForm$MH+0x0000020ad701b000'
Event: 2468.713 Thread 0x0000020ad546e560 Unloading class 0x0000020ad701a800 'java/lang/invoke/LambdaForm$MH+0x0000020ad701a800'
Event: 2468.713 Thread 0x0000020ad546e560 Unloading class 0x0000020ad7019400 'java/lang/invoke/LambdaForm$MH+0x0000020ad7019400'
Event: 2468.713 Thread 0x0000020ad546e560 Unloading class 0x0000020ad7018800 'java/lang/invoke/LambdaForm$MH+0x0000020ad7018800'
Event: 2468.713 Thread 0x0000020ad546e560 Unloading class 0x0000020ad7018400 'java/lang/invoke/LambdaForm$MH+0x0000020ad7018400'
Event: 2468.713 Thread 0x0000020ad546e560 Unloading class 0x0000020ad7017c00 'java/lang/invoke/LambdaForm$MH+0x0000020ad7017c00'
Event: 2468.713 Thread 0x0000020ad546e560 Unloading class 0x0000020ad7017800 'java/lang/invoke/LambdaForm$MH+0x0000020ad7017800'
Event: 2468.713 Thread 0x0000020ad546e560 Unloading class 0x0000020ad7017400 'java/lang/invoke/LambdaForm$MH+0x0000020ad7017400'
Event: 2468.713 Thread 0x0000020ad546e560 Unloading class 0x0000020ad7016400 'java/lang/invoke/LambdaForm$MH+0x0000020ad7016400'
Event: 2468.713 Thread 0x0000020ad546e560 Unloading class 0x0000020ad7015400 'java/lang/invoke/LambdaForm$MH+0x0000020ad7015400'
Event: 2468.713 Thread 0x0000020ad546e560 Unloading class 0x0000020ad7014c00 'java/lang/invoke/LambdaForm$MH+0x0000020ad7014c00'
Event: 2468.713 Thread 0x0000020ad546e560 Unloading class 0x0000020ad7014400 'java/lang/invoke/LambdaForm$MH+0x0000020ad7014400'
Event: 2468.713 Thread 0x0000020ad546e560 Unloading class 0x0000020ad7014000 'java/lang/invoke/LambdaForm$MH+0x0000020ad7014000'
Event: 2468.713 Thread 0x0000020ad546e560 Unloading class 0x0000020ad7002400 'java/lang/invoke/LambdaForm$MH+0x0000020ad7002400'
Event: 2468.713 Thread 0x0000020ad546e560 Unloading class 0x0000020ad7002000 'java/lang/invoke/LambdaForm$MH+0x0000020ad7002000'
Event: 2468.713 Thread 0x0000020ad546e560 Unloading class 0x0000020ad7001c00 'java/lang/invoke/LambdaForm$MH+0x0000020ad7001c00'
Event: 2468.713 Thread 0x0000020ad546e560 Unloading class 0x0000020ad7001400 'java/lang/invoke/LambdaForm$MH+0x0000020ad7001400'

Classes redefined (0 events):
No events

Internal exceptions (20 events):
Event: 2165.932 Thread 0x0000020b1ccf68f0 Exception <a 'java/io/IOException'{0x000000008673caa0}: Connection reset by peer> (0x000000008673caa0) 
thrown [s\open\src\hotspot\share\prims\jni.cpp, line 539]
Event: 2165.938 Thread 0x0000020b1ccf5540 Exception <a 'java/io/IOException'{0x0000000086747c08}: Connection reset by peer> (0x0000000086747c08) 
thrown [s\open\src\hotspot\share\prims\jni.cpp, line 539]
Event: 2166.440 Thread 0x0000020b1e0032b0 Exception <a 'java/io/IOException'{0x000000008675f9c0}: Connection reset by peer> (0x000000008675f9c0) 
thrown [s\open\src\hotspot\share\prims\jni.cpp, line 539]
Event: 2166.463 Thread 0x0000020b1e0032b0 Exception <a 'java/io/IOException'{0x0000000086760d00}: Connection reset by peer> (0x0000000086760d00) 
thrown [s\open\src\hotspot\share\prims\jni.cpp, line 539]
Event: 2166.464 Thread 0x0000020b1e0032b0 Exception <a 'java/io/IOException'{0x0000000086761f20}: Connection reset by peer> (0x0000000086761f20) 
thrown [s\open\src\hotspot\share\prims\jni.cpp, line 539]
Event: 2166.696 Thread 0x0000020b1ccf68f0 Exception <a 'java/io/IOException'{0x00000000867dddf8}> (0x00000000867dddf8) 
thrown [s\open\src\hotspot\share\prims\jni.cpp, line 520]
Event: 2166.696 Thread 0x0000020b1ccf3b00 Exception <a 'java/io/IOException'{0x00000000867f6990}> (0x00000000867f6990) 
thrown [s\open\src\hotspot\share\prims\jni.cpp, line 520]
Event: 2166.696 Thread 0x0000020b1ccf5540 Exception <a 'java/io/IOException'{0x00000000867e8388}> (0x00000000867e8388) 
thrown [s\open\src\hotspot\share\prims\jni.cpp, line 520]
Event: 2166.718 Thread 0x0000020b1ccf68f0 Exception <a 'java/lang/NoSuchMethodError'{0x000000008660d548}: 'void java.lang.invoke.DirectMethodHandle$Holder.invokeInterface(java.lang.Object, java.lang.Object)'> (0x000000008660d548) 
thrown [s\open\src\hotspot\share\interpreter\linkResolver.cpp, line 774]
Event: 2167.801 Thread 0x0000020b1ccf3b00 Implicit null exception at 0x0000020ac8e467c6 to 0x0000020ac8e46a58
Event: 2168.189 Thread 0x0000020b1ccf3b00 Exception <a 'java/io/IOException'{0x0000000086668838}> (0x0000000086668838) 
thrown [s\open\src\hotspot\share\prims\jni.cpp, line 520]
Event: 2169.640 Thread 0x0000020b1e005a10 Exception <a 'java/io/IOException'{0x0000000086770170}: Connection reset by peer> (0x0000000086770170) 
thrown [s\open\src\hotspot\share\prims\jni.cpp, line 539]
Event: 2169.640 Thread 0x0000020b1e005a10 Exception <a 'java/io/IOException'{0x00000000867711d0}: Connection reset by peer> (0x00000000867711d0) 
thrown [s\open\src\hotspot\share\prims\jni.cpp, line 539]
Event: 2169.640 Thread 0x0000020b1e005a10 Exception <a 'java/io/IOException'{0x000000008667b918}: Connection reset by peer> (0x000000008667b918) 
thrown [s\open\src\hotspot\share\prims\jni.cpp, line 539]
Event: 2169.718 Thread 0x0000020b1e006dc0 Exception <a 'java/io/IOException'{0x0000000086685f30}: Connection reset by peer> (0x0000000086685f30) 
thrown [s\open\src\hotspot\share\prims\jni.cpp, line 539]
Event: 2169.718 Thread 0x0000020b1e006dc0 Exception <a 'java/io/IOException'{0x0000000086686f90}: Connection reset by peer> (0x0000000086686f90) 
thrown [s\open\src\hotspot\share\prims\jni.cpp, line 539]
Event: 2169.719 Thread 0x0000020b1e006dc0 Exception <a 'java/io/IOException'{0x00000000866880f8}: Connection reset by peer> (0x00000000866880f8) 
thrown [s\open\src\hotspot\share\prims\jni.cpp, line 539]
Event: 2170.356 Thread 0x0000020b1ccf68f0 Exception <a 'java/io/IOException'{0x00000000866de960}> (0x00000000866de960) 
thrown [s\open\src\hotspot\share\prims\jni.cpp, line 520]
Event: 2170.418 Thread 0x0000020b1ccf5540 Exception <a 'java/io/IOException'{0x000000008651d6d8}> (0x000000008651d6d8) 
thrown [s\open\src\hotspot\share\prims\jni.cpp, line 520]
Event: 2170.420 Thread 0x0000020b1ccf5540 Exception <a 'java/io/IOException'{0x000000008651fa30}> (0x000000008651fa30) 
thrown [s\open\src\hotspot\share\prims\jni.cpp, line 520]

ZGC Phase Switch (0 events):
No events

VM Operations (20 events):
Event: 2189.251 Executing VM operation: Cleanup
Event: 2189.252 Executing VM operation: Cleanup done
Event: 2224.716 Executing VM operation: HandshakeAllThreads (HandshakeForDeflation)
Event: 2224.716 Executing VM operation: HandshakeAllThreads (HandshakeForDeflation) done
Event: 2224.716 Executing VM operation: RendezvousGCThreads
Event: 2224.716 Executing VM operation: RendezvousGCThreads done
Event: 2301.558 Executing VM operation: Cleanup
Event: 2301.558 Executing VM operation: Cleanup done
Event: 2320.804 Executing VM operation: Cleanup
Event: 2320.804 Executing VM operation: Cleanup done
Event: 2321.805 Executing VM operation: Cleanup
Event: 2321.805 Executing VM operation: Cleanup done
Event: 2368.268 Executing VM operation: Cleanup
Event: 2368.268 Executing VM operation: Cleanup done
Event: 2452.098 Executing VM operation: Cleanup
Event: 2452.099 Executing VM operation: Cleanup done
Event: 2468.459 Executing VM operation: G1CollectForAllocation (G1 Evacuation Pause)
Event: 2468.530 Executing VM operation: G1CollectForAllocation (G1 Evacuation Pause) done
Event: 2468.688 Executing VM operation: G1PauseRemark
Event: 2468.914 Executing VM operation: G1PauseRemark done

Memory protections (0 events):
No events

Nmethod flushes (20 events):
Event: 2468.903 Thread 0x0000020ad546e560 flushing  nmethod 0x0000020ac1330210
Event: 2468.903 Thread 0x0000020ad546e560 flushing  nmethod 0x0000020ac13f4a90
Event: 2468.903 Thread 0x0000020ad546e560 flushing  nmethod 0x0000020ac147fe90
Event: 2468.903 Thread 0x0000020ad546e560 flushing  nmethod 0x0000020ac14c3f10
Event: 2468.903 Thread 0x0000020ad546e560 flushing  nmethod 0x0000020ac1758810
Event: 2468.903 Thread 0x0000020ad546e560 flushing  nmethod 0x0000020ac1811090
Event: 2468.903 Thread 0x0000020ad546e560 flushing  nmethod 0x0000020ac188b810
Event: 2468.903 Thread 0x0000020ad546e560 flushing  nmethod 0x0000020ac193a710
Event: 2468.903 Thread 0x0000020ad546e560 flushing  nmethod 0x0000020ac1956a10
Event: 2468.903 Thread 0x0000020ad546e560 flushing  nmethod 0x0000020ac1957210
Event: 2468.903 Thread 0x0000020ad546e560 flushing  nmethod 0x0000020ac1957910
Event: 2468.903 Thread 0x0000020ad546e560 flushing  nmethod 0x0000020ac195b210
Event: 2468.903 Thread 0x0000020ad546e560 flushing  nmethod 0x0000020ac195bd10
Event: 2468.903 Thread 0x0000020ad546e560 flushing  nmethod 0x0000020ac195c610
Event: 2468.903 Thread 0x0000020ad546e560 flushing  nmethod 0x0000020ac195d890
Event: 2468.903 Thread 0x0000020ad546e560 flushing  nmethod 0x0000020ac195dd90
Event: 2468.903 Thread 0x0000020ad546e560 flushing  nmethod 0x0000020ac195ea10
Event: 2468.903 Thread 0x0000020ad546e560 flushing  nmethod 0x0000020ac195ef10
Event: 2468.903 Thread 0x0000020ad546e560 flushing  nmethod 0x0000020ac198af10
Event: 2468.903 Thread 0x0000020ad546e560 flushing  nmethod 0x0000020ac198ea10

Events (20 events):
Event: 11.803 Thread 0x0000020b1b350b10 Thread added: 0x0000020b1e003940
Event: 11.804 Thread 0x0000020b1b350b10 Thread added: 0x0000020b1e003fd0
Event: 11.811 Thread 0x0000020b1b350b10 Thread added: 0x0000020b1e004660
Event: 11.813 Thread 0x0000020b1b350b10 Thread added: 0x0000020b1e005380
Event: 11.838 Thread 0x0000020b1b350b10 Thread exited: 0x0000020b1b350b10
Event: 11.842 Thread 0x0000020b1b3f84b0 Thread exited: 0x0000020b1b3f84b0
Event: 11.842 Thread 0x0000020ab8d08450 Thread exited: 0x0000020ab8d08450
Event: 11.842 Thread 0x0000020b1e004cf0 Thread added: 0x0000020b1e004cf0
Event: 13.303 Thread 0x0000020b1b318ff0 Thread exited: 0x0000020b1b318ff0
Event: 13.306 Thread 0x0000020b1c65c8b0 Thread exited: 0x0000020b1c65c8b0
Event: 13.405 Thread 0x0000020ad55e0080 Thread added: 0x0000020b1c65c8b0
Event: 13.568 Thread 0x0000020b1ccf3b00 Thread added: 0x0000020b1e0032b0
Event: 13.568 Thread 0x0000020b1ccf5540 Thread added: 0x0000020b1e005a10
Event: 13.568 Thread 0x0000020b1ccf68f0 Thread added: 0x0000020b1e006dc0
Event: 13.577 Thread 0x0000020b1ccf68f0 Thread added: 0x0000020b1e0060a0
Event: 13.579 Thread 0x0000020b1ccf5540 Thread added: 0x0000020b1e006730
Event: 13.581 Thread 0x0000020b1ccf3b00 Thread added: 0x0000020b1fddc5e0
Event: 15.861 Thread 0x0000020b1c65c8b0 Thread exited: 0x0000020b1c65c8b0
Event: 70.756 Thread 0x0000020b1ccf6f80 Thread exited: 0x0000020b1ccf6f80
Event: 1846.864 Thread 0x0000020ad58a90b0 Thread exited: 0x0000020ad58a90b0


Dynamic libraries:
0x00007ff731970000 - 0x00007ff731980000 	C:\Program Files\Java\jdk-22\bin\java.exe
0x00007ffc65e40000 - 0x00007ffc660a3000 	C:\WINDOWS\SYSTEM32\ntdll.dll
0x00007ffc64530000 - 0x00007ffc645f7000 	C:\WINDOWS\System32\KERNEL32.DLL
0x00007ffc63460000 - 0x00007ffc63829000 	C:\WINDOWS\System32\KERNELBASE.dll
0x00007ffc63310000 - 0x00007ffc6345c000 	C:\WINDOWS\System32\ucrtbase.dll
0x00007ffc49c10000 - 0x00007ffc49c27000 	C:\Program Files\Java\jdk-22\bin\jli.dll
0x00007ffc4b280000 - 0x00007ffc4b29b000 	C:\Program Files\Java\jdk-22\bin\VCRUNTIME140.dll
0x00007ffc652c0000 - 0x00007ffc6548a000 	C:\WINDOWS\System32\USER32.dll
0x00007ffc63250000 - 0x00007ffc63277000 	C:\WINDOWS\System32\win32u.dll
0x00007ffc44a50000 - 0x00007ffc44ce0000 	C:\WINDOWS\WinSxS\amd64_microsoft.windows.common-controls_6595b64144ccf1df_6.0.26100.3323_none_3e088096e3344490\COMCTL32.dll
0x00007ffc64b20000 - 0x00007ffc64b4a000 	C:\WINDOWS\System32\GDI32.dll
0x00007ffc63c60000 - 0x00007ffc63d09000 	C:\WINDOWS\System32\msvcrt.dll
0x00007ffc63b20000 - 0x00007ffc63c51000 	C:\WINDOWS\System32\gdi32full.dll
0x00007ffc631a0000 - 0x00007ffc63243000 	C:\WINDOWS\System32\msvcp_win.dll
0x00007ffc644e0000 - 0x00007ffc6450f000 	C:\WINDOWS\System32\IMM32.DLL
0x00007ffc4c6f0000 - 0x00007ffc4c6fc000 	C:\Program Files\Java\jdk-22\bin\vcruntime140_1.dll
0x00007ffbdc200000 - 0x00007ffbdc28e000 	C:\Program Files\Java\jdk-22\bin\msvcp140.dll
0x00007ffbaef60000 - 0x00007ffbafca9000 	C:\Program Files\Java\jdk-22\bin\server\jvm.dll
0x00007ffc64820000 - 0x00007ffc648d2000 	C:\WINDOWS\System32\ADVAPI32.dll
0x00007ffc63d10000 - 0x00007ffc63db6000 	C:\WINDOWS\System32\sechost.dll
0x00007ffc655f0000 - 0x00007ffc65706000 	C:\WINDOWS\System32\RPCRT4.dll
0x00007ffc64ef0000 - 0x00007ffc64f64000 	C:\WINDOWS\System32\WS2_32.dll
0x00007ffc62ed0000 - 0x00007ffc62f1e000 	C:\WINDOWS\SYSTEM32\POWRPROF.dll
0x00007ffc5b330000 - 0x00007ffc5b366000 	C:\WINDOWS\SYSTEM32\WINMM.dll
0x00007ffc53440000 - 0x00007ffc5344b000 	C:\WINDOWS\SYSTEM32\VERSION.dll
0x00007ffc62eb0000 - 0x00007ffc62ec4000 	C:\WINDOWS\SYSTEM32\UMPDC.dll
0x00007ffc61e60000 - 0x00007ffc61e7a000 	C:\WINDOWS\SYSTEM32\kernel.appcore.dll
0x00007ffc4b8e0000 - 0x00007ffc4b8ea000 	C:\Program Files\Java\jdk-22\bin\jimage.dll
0x00007ffc60790000 - 0x00007ffc609d1000 	C:\WINDOWS\SYSTEM32\DBGHELP.DLL
0x00007ffc64b60000 - 0x00007ffc64ee2000 	C:\WINDOWS\System32\combase.dll
0x00007ffc64640000 - 0x00007ffc64716000 	C:\WINDOWS\System32\OLEAUT32.dll
0x00007ffc2d9a0000 - 0x00007ffc2d9d9000 	C:\WINDOWS\SYSTEM32\dbgcore.DLL
0x00007ffc63100000 - 0x00007ffc63199000 	C:\WINDOWS\System32\bcryptPrimitives.dll
0x00007ffc4a6c0000 - 0x00007ffc4a6cf000 	C:\Program Files\Java\jdk-22\bin\instrument.dll
0x00007ffc49460000 - 0x00007ffc4947e000 	C:\Program Files\Java\jdk-22\bin\java.dll
0x00007ffc63dc0000 - 0x00007ffc644d5000 	C:\WINDOWS\System32\SHELL32.dll
0x00007ffc639b0000 - 0x00007ffc63b18000 	C:\WINDOWS\System32\wintypes.dll
0x00007ffc64970000 - 0x00007ffc64b05000 	C:\WINDOWS\System32\ole32.dll
0x00007ffc60cf0000 - 0x00007ffc61535000 	C:\WINDOWS\SYSTEM32\windows.storage.dll
0x00007ffc65150000 - 0x00007ffc6523b000 	C:\WINDOWS\System32\SHCORE.dll
0x00007ffc650f0000 - 0x00007ffc6514d000 	C:\WINDOWS\System32\shlwapi.dll
0x00007ffc62f50000 - 0x00007ffc62f7f000 	C:\WINDOWS\SYSTEM32\profapi.dll
0x00007ffbdc120000 - 0x00007ffbdc1f7000 	C:\Program Files\Java\jdk-22\bin\jsvml.dll
0x00007ffc48da0000 - 0x00007ffc48db7000 	C:\Program Files\Java\jdk-22\bin\zip.dll
0x00007ffc4acc0000 - 0x00007ffc4acd0000 	C:\Program Files\Java\jdk-22\bin\net.dll
0x00007ffc62380000 - 0x00007ffc623ea000 	C:\WINDOWS\system32\mswsock.dll
0x00007ffc48dc0000 - 0x00007ffc48dd6000 	C:\Program Files\Java\jdk-22\bin\nio.dll
0x00007ffc494a0000 - 0x00007ffc494a9000 	C:\Program Files\Java\jdk-22\bin\extnet.dll
0x00007ffc48cf0000 - 0x00007ffc48cfa000 	C:\Program Files\Java\jdk-22\bin\management.dll
0x00007ffc48ce0000 - 0x00007ffc48ceb000 	C:\Program Files\Java\jdk-22\bin\management_ext.dll
0x00007ffc64520000 - 0x00007ffc64528000 	C:\WINDOWS\System32\PSAPI.DLL
0x00007ffc48cd0000 - 0x00007ffc48cdb000 	C:\Program Files\Java\jdk-22\bin\le.dll
0x00007ffc4a270000 - 0x00007ffc4a27e000 	C:\Program Files\Java\jdk-22\bin\sunmscapi.dll
0x00007ffc63830000 - 0x00007ffc639a7000 	C:\WINDOWS\System32\CRYPT32.dll
0x00007ffc62820000 - 0x00007ffc62850000 	C:\WINDOWS\SYSTEM32\ncrypt.dll
0x00007ffc627d0000 - 0x00007ffc6280f000 	C:\WINDOWS\SYSTEM32\NTASN1.dll
0x00007ffc62620000 - 0x00007ffc6263c000 	C:\WINDOWS\SYSTEM32\CRYPTSP.dll
0x00007ffc61dc0000 - 0x00007ffc61dfa000 	C:\WINDOWS\system32\rsaenh.dll
0x00007ffc62420000 - 0x00007ffc6244b000 	C:\WINDOWS\SYSTEM32\USERENV.dll
0x00007ffc62860000 - 0x00007ffc62886000 	C:\WINDOWS\SYSTEM32\bcrypt.dll
0x00007ffc62640000 - 0x00007ffc6264c000 	C:\WINDOWS\SYSTEM32\CRYPTBASE.dll
0x00007ffc618a0000 - 0x00007ffc618d3000 	C:\WINDOWS\SYSTEM32\IPHLPAPI.DLL
0x00007ffc64b50000 - 0x00007ffc64b5a000 	C:\WINDOWS\System32\NSI.dll
0x00007ffc5d210000 - 0x00007ffc5d22f000 	C:\WINDOWS\SYSTEM32\dhcpcsvc6.DLL
0x00007ffc5d1d0000 - 0x00007ffc5d1f5000 	C:\WINDOWS\SYSTEM32\dhcpcsvc.DLL
0x00007ffc61940000 - 0x00007ffc61a65000 	C:\WINDOWS\SYSTEM32\DNSAPI.dll
0x00007ffc00eb0000 - 0x00007ffc00eb8000 	C:\WINDOWS\system32\wshunix.dll
0x00007ffc54230000 - 0x00007ffc5423b000 	C:\Windows\System32\rasadhlp.dll
0x00007ffc5d550000 - 0x00007ffc5d5d5000 	C:\WINDOWS\System32\fwpuclnt.dll

dbghelp: loaded successfully - version: 4.0.5 - missing functions: none
symbol engine: initialized successfully - sym options: 0x614 - pdb path: .;C:\Program Files\Java\jdk-22\bin;C:\WINDOWS\SYSTEM32;C:\WINDOWS\WinSxS\amd64_microsoft.windows.common-controls_6595b64144ccf1df_6.0.26100.3323_none_3e088096e3344490;C:\Program Files\Java\jdk-22\bin\server

VM Arguments:
jvm_args: -javaagent:C:\Program Files\JetBrains\IntelliJ IDEA Community Edition 2024.3.3\lib\idea_rt.jar=64170 -Dfile.encoding=UTF-8 -Dsun.stdout.encoding=UTF-8 -Dsun.stderr.encoding=UTF-8 
java_command: dev.abhiram.cinema.CinemaApplication
java_class_path (initial): C:\Apps\movie_api_project\cinema\target\classes;C:\Users\ramch\.m2\repository\org\springframework\boot\spring-boot-starter-data-mongodb\3.4.2\spring-boot-starter-data-mongodb-3.4.2.jar;C:\Users\ramch\.m2\repository\org\springframework\boot\spring-boot-starter\3.4.2\spring-boot-starter-3.4.2.jar;C:\Users\ramch\.m2\repository\org\springframework\boot\spring-boot-starter-logging\3.4.2\spring-boot-starter-logging-3.4.2.jar;C:\Users\ramch\.m2\repository\ch\qos\logback\logback-classic\1.5.16\logback-classic-1.5.16.jar;C:\Users\ramch\.m2\repository\ch\qos\logback\logback-core\1.5.16\logback-core-1.5.16.jar;C:\Users\ramch\.m2\repository\org\apache\logging\log4j\log4j-to-slf4j\2.24.3\log4j-to-slf4j-2.24.3.jar;C:\Users\ramch\.m2\repository\org\apache\logging\log4j\log4j-api\2.24.3\log4j-api-2.24.3.jar;C:\Users\ramch\.m2\repository\org\slf4j\jul-to-slf4j\2.0.16\jul-to-slf4j-2.0.16.jar;C:\Users\ramch\.m2\repository\jakarta\annotation\jakarta.annotation-api\2.1.1\jakarta.annotation-api-2.1.1.jar;C:\Users\ramch\.m2\repository\org\yaml\snakeyaml\2.3\snakeyaml-2.3.jar;C:\Users\ramch\.m2\repository\org\mongodb\mongodb-driver-sync\5.2.1\mongodb-driver-sync-5.2.1.jar;C:\Users\ramch\.m2\repository\org\mongodb\bson\5.2.1\bson-5.2.1.jar;C:\Users\ramch\.m2\repository\org\mongodb\mongodb-driver-core\5.2.1\mongodb-driver-core-5.2.1.jar;C:\Users\ramch\.m2\repository\org\mongodb\bson-record-codec\5.2.1\bson-record-codec-5.2.1.jar;C:\Users\ramch\.m2\repository\org\springframework\data\spring-data-mongodb\4.4.2\spring-data-mongodb-4.4.2.jar;C:\Users\ramch\.m2\repository\org\springframework\spring-tx\6.2.2\spring-tx-6.2.2.jar;C:\Users\ramch\.m2\repository\org\springframework\spring-context\6.2.2\spring-context-6.2.2.jar;C:\Users\ramch\.m2\repository\org\springframework\spring-beans\6.2.2\spring-beans-6.2.2.jar;C:\Users\ramch\.m2\repository\org\springframework\spring-expression\6.2.2\spring-expression-6.2.2.jar;C:\Users\ramch\.m2\repository\org\springframework\data\spring-data-commons\3.4.2\spring-data-commons-3.4.2.jar;C:\Users\ramch\.m2\repository\org\slf4j\slf4j-api\2.0.16\slf4j-api-2.0.16.jar;C:\Users\ramch\.m2\repository\org\springframework\boot\spring-boot-starter-web\3.4.2\spring-boot-starter-web-3.4.2.jar;C:\Users\ramch\.m2\repository\org\springframework\boot\spring-boot-starter-json\3.4.2\spring-boot-starter-json-3.4.2.jar;C:\Users\ramch\.m2\repository\com\fasterxml\jackson\core\jackson-databind\2.18.2\jackson-databind-2.18.2.jar;C:\Users\ramch\.m2\repository\com\fasterxml\jackson\core\jackson-annotations\2.18.2\jackson-annotations-2.18.2.jar;C:\Users\ramch\.m2\repository\com\fasterxml\jackson\core\jackson-core\2.18.2\jackson-core-2.18.2.jar;C:\Users\ramch\.m2\repository\com\fasterxml\jackson\datatype\jackson-datatype-jdk8\2.18.2\jackson-datatype-jdk8-2.18.2.jar;C:\Users\ramch\.m2\repository\com\fasterxml\jackson\datatype\jackson-datatype-jsr310\2.18.2\jackson-datatype-jsr310-2.18.2.jar;C:\Users\ramch\.m2\repository\com\fasterxml\jackson\module\jackson-module-parameter-names\2.18.2\jackson-module-parameter-names-2.18.2.jar;C:\Users\ramch\.m2\repository\org\springframework\boot\spring-boot-starter-tomcat\3.4.2\spring-boot-starter-tomcat-3.4.2.jar;C:\Users\ramch\.m2\repository\org\apache\tomcat\embed\tomcat-embed-core\10.1.34\tomcat-embed-core-10.1.34.jar;C:\Users\ramch\.m2\repository\org\apache\tomcat\embed\tomcat-embed-el\10.1.34\tomcat-embed-el-10.1.34.jar;C:\Users\ramch\.m2\repository\org\apache\tomcat\embed\tomcat-embed-websocket\10.1.34\tomcat-embed-websocket-10.1.34.jar;C:\Users\ramch\.m2\repository\org\springframework\spring-web\6.2.2\spring-web-6.2.2.jar;C:\Users\ramch\.m2\repository\io\micrometer\micrometer-observation\1.14.3\micrometer-observation-1.14.3.jar;C:\Users\ramch\.m2\repository\io\micrometer\micrometer-commons\1.14.3\micrometer-commons-1.14.3.jar;C:\Users\ramch\.m2\repository\org\springframework\spring-webmvc\6.2.2\spring-webmvc-6.2.2.jar;C:\Users\ramch\.m2\repository\org\springframework\spring-aop\6.2.2\spring-aop-6.2.2.jar;C:\Users\ramch\.m2\repository\org\springframework\boot\spring-boot-devtools\3.4.2\spring-boot-devtools-3.4.2.jar;C:\Users\ramch\.m2\repository\org\springframework\boot\spring-boot\3.4.2\spring-boot-3.4.2.jar;C:\Users\ramch\.m2\repository\org\springframework\boot\spring-boot-autoconfigure\3.4.2\spring-boot-autoconfigure-3.4.2.jar;C:\Users\ramch\.m2\repository\org\projectlombok\lombok\1.18.36\lombok-1.18.36.jar;C:\Users\ramch\.m2\repository\org\springframework\spring-core\6.2.2\spring-core-6.2.2.jar;C:\Users\ramch\.m2\repository\org\springframework\spring-jcl\6.2.2\spring-jcl-6.2.2.jar;C:\Users\ramch\.m2\repository\me\paulschwarz\spring-dotenv\4.0.0\spring-dotenv-4.0.0.jar;C:\Users\ramch\.m2\repository\io\github\cdimascio\dotenv-java\3.0.0\dotenv-java-3.0.0.jar
Launcher Type: SUN_STANDARD

[Global flags]
     intx CICompilerCount                          = 4                                         {product} {ergonomic}
     uint ConcGCThreads                            = 2                                         {product} {ergonomic}
     uint G1ConcRefinementThreads                  = 8                                         {product} {ergonomic}
   size_t G1HeapRegionSize                         = 1048576                                   {product} {ergonomic}
   size_t InitialHeapSize                          = 130023424                                 {product} {ergonomic}
   size_t MarkStackSize                            = 4194304                                   {product} {ergonomic}
   size_t MaxHeapSize                              = 2078277632                                {product} {ergonomic}
   size_t MaxNewSize                               = 1246756864                                {product} {ergonomic}
   size_t MinHeapDeltaBytes                        = 1048576                                   {product} {ergonomic}
   size_t MinHeapSize                              = 8388608                                   {product} {ergonomic}
    uintx NonNMethodCodeHeapSize                   = 5839372                                {pd product} {ergonomic}
    uintx NonProfiledCodeHeapSize                  = 122909434                              {pd product} {ergonomic}
    uintx ProfiledCodeHeapSize                     = 122909434                              {pd product} {ergonomic}
    uintx ReservedCodeCacheSize                    = 251658240                              {pd product} {ergonomic}
     bool SegmentedCodeCache                       = true                                      {product} {ergonomic}
   size_t SoftMaxHeapSize                          = 2078277632                             {manageable} {ergonomic}
     bool UseCompressedOops                        = true                           {product lp64_product} {ergonomic}
     bool UseG1GC                                  = true                                      {product} {ergonomic}
     bool UseLargePagesIndividualAllocation        = false                                  {pd product} {ergonomic}

Logging:
Log output configuration:
 #0: stdout all=warning uptime,level,tags foldmultilines=false
 #1: stderr all=off uptime,level,tags foldmultilines=false

Environment Variables:
PATH=C:\Program Files (x86)\VMware\VMware Player\bin\;C:\Program Files\Common Files\Oracle\Java\javapath;C:\Program Files (x86)\Common Files\Oracle\Java\java8path;C:\Program Files (x86)\Common Files\Oracle\Java\javapath;C:\WINDOWS\system32;C:\WINDOWS;C:\WINDOWS\System32\Wbem;C:\WINDOWS\System32\WindowsPowerShell\v1.0\;C:\WINDOWS\System32\OpenSSH\;C:\Program Files\dotnet\;C:\MinGW\bin;C:\Program Files\Microsoft SQL Server\Client SDK\ODBC\110\Tools\Binn\;C:\Program Files (x86)\Microsoft SQL Server\120\Tools\Binn\;C:\Program Files\Microsoft SQL Server\120\Tools\Binn\;C:\Program Files\Microsoft SQL Server\120\DTS\Binn\;C:\Program Files (x86)\Windows Kits\8.1\Windows Performance Toolkit\;C:\Program Files\Java\jdk-11.0.16.1;C:\Program Files\Git\cmd;C:\Program Files\nodejs\;C:\Program Files\MongoDB\Server\8.0\bin;C:\Users\ramch\AppData\Local\Microsoft\WindowsApps;C:\Users\ramch\AppData\Local\Programs\Microsoft VS Code\bin;C:\Users\ramch\anaconda3\Library\bin;C:\Users\ramch\anaconda3\Scripts;C:\msys64\ucrt64\bin;C:\Users\ramch\Downloads\x86_64-14.2.0-release-mcf-seh-ucrt-rt_v12-rev0\mingw64\bin;C:\mingw64\bin;C:\Users\ramch\AppData\Roaming\npm
USERNAME=ramch
OS=Windows_NT
PROCESSOR_IDENTIFIER=Intel64 Family 6 Model 140 Stepping 1, GenuineIntel
TMP=C:\Users\ramch\AppData\Local\Temp
TEMP=C:\Users\ramch\AppData\Local\Temp




Periodic native trim disabled

---------------  S Y S T E M  ---------------

OS:
 Windows 11 , 64 bit Build 26100 (10.0.26100.3323)
OS uptime: 8 days 23:44 hours
Hyper-V role detected

CPU: total 8 (initial active 8) (4 cores per cpu, 2 threads per core) family 6 model 140 stepping 1 microcode 0xba, cx8, cmov, fxsr, ht, mmx, 3dnowpref, sse, sse2, sse3, ssse3, sse4.1, sse4.2, popcnt, lzcnt, tsc, tscinvbit, avx, avx2, aes, erms, clmul, bmi1, bmi2, adx, avx512f, avx512dq, avx512cd, avx512bw, avx512vl, sha, fma, vzeroupper, avx512_vpopcntdq, avx512_vpclmulqdq, avx512_vaes, avx512_vnni, clflush, clflushopt, clwb, avx512_vbmi2, avx512_vbmi, hv, rdtscp, rdpid, fsrm, gfni, avx512_bitalg, f16c, cet_ibt, cet_ss, avx512_ifma
Processor Information for processor 0
  Max Mhz: 2419, Current Mhz: 2419, Mhz Limit: 2419
Processor Information for processor 1
  Max Mhz: 2419, Current Mhz: 1209, Mhz Limit: 2419
Processor Information for processor 2
  Max Mhz: 2419, Current Mhz: 2419, Mhz Limit: 2419
Processor Information for processor 3
  Max Mhz: 2419, Current Mhz: 1209, Mhz Limit: 2419
Processor Information for processor 4
  Max Mhz: 2419, Current Mhz: 2419, Mhz Limit: 2419
Processor Information for processor 5
  Max Mhz: 2419, Current Mhz: 2419, Mhz Limit: 2419
Processor Information for processor 6
  Max Mhz: 2419, Current Mhz: 2419, Mhz Limit: 2419
Processor Information for processor 7
  Max Mhz: 2419, Current Mhz: 2419, Mhz Limit: 2419

Memory: 4k page, system-wide physical 7926M (389M free)
TotalPageFile size 32502M (AvailPageFile size 62M)
current process WorkingSet (physical memory assigned to process): 126M, peak: 227M
current process commit charge ("private bytes"): 218M, peak: 279M

vm_info: Java HotSpot(TM) 64-Bit Server VM (22.0.2+9-70) for windows-amd64 JRE (22.0.2+9-70), built on 2024-06-04T16:52:23Z by "mach5one" with MS VC++ 17.6 (VS2022)

END.
